<?xml version="1.0" encoding="UTF-8"?>
<!-- Generated by org.testng.reporters.JUnitReportReporter -->
<testsuite hostname="SHISHRA-WINDOWS" failures="0" tests="7" name="com.qa.test.HomePageTC" time="6.759" errors="0" timestamp="2022-06-06T19:22:00 IST" skipped="0">
  <testcase classname="com.qa.test.HomePageTC" name="homepagetest" time="0.672"/>
  <system-out/>
  <testcase classname="com.qa.test.HomePageTC" name="posMenuTest" time="0.551"/>
  <system-out/>
  <testcase classname="com.qa.test.HomePageTC" name="storeClickedTest" time="1.175"/>
  <system-out/>
  <testcase classname="com.qa.test.HomePageTC" name="submitPopupTest" time="2.383"/>
  <system-out/>
  <testcase classname="com.qa.test.HomePageTC" name="cancelPopupTest" time="0.205"/>
  <system-out/>
  <testcase classname="com.qa.test.HomePageTC" name="submitPopupTest1" time="1.609"/>
  <system-out/>
  <testcase classname="com.qa.test.HomePageTC" name="cancelPopupTest1" time="0.164"/>
  <system-out/>
</testsuite> <!-- com.qa.test.HomePageTC -->
