<?xml version="1.0" encoding="UTF-8"?>
<!-- Generated by org.testng.reporters.JUnitReportReporter -->
<testsuite hostname="SHISHRA-WINDOWS" failures="0" tests="10" name="com.qa.test.ProductTC" time="6.803" errors="0" timestamp="2022-06-06T19:22:00 IST" skipped="0">
  <testcase classname="com.qa.test.ProductTC" name="clickProductMenuTest" time="2.416"/>
  <system-out/>
  <testcase classname="com.qa.test.ProductTC" name="supplierSelectedTest" time="0.127"/>
  <system-out/>
  <testcase classname="com.qa.test.ProductTC" name="typeSelectedTest" time="0.135"/>
  <system-out/>
  <testcase classname="com.qa.test.ProductTC" name="scrollPage" time="0.008"/>
  <system-out/>
  <testcase classname="com.qa.test.ProductTC" name="downloadExcelTest" time="0.601"/>
  <system-out/>
  <testcase classname="com.qa.test.ProductTC" name="readExcelText" time="0.100"/>
  <system-out/>
  <testcase classname="com.qa.test.ProductTC" name="searchTest" time="0.369"/>
  <system-out/>
  <testcase classname="com.qa.test.ProductTC" name="ProductPopupDisplayTest" time="0.963"/>
  <system-out/>
  <testcase classname="com.qa.test.ProductTC" name="addProductFieldsTest" time="1.433"/>
  <system-out/>
  <testcase classname="com.qa.test.ProductTC" name="stockSubmitClickTest" time="0.651"/>
  <system-out/>
</testsuite> <!-- com.qa.test.ProductTC -->
