<?xml version="1.0" encoding="UTF-8"?>
<!-- Generated by org.testng.reporters.JUnitReportReporter -->
<testsuite hostname="SHISHRA-WINDOWS" failures="0" tests="5" name="com.qa.test.LoginTC" time="4.351" errors="0" timestamp="2022-06-06T19:22:00 IST" skipped="0">
  <testcase classname="com.qa.test.LoginTC" name="userIdFieldIsDisplayed" time="0.122"/>
  <system-out/>
  <testcase classname="com.qa.test.LoginTC" name="passwordFieldIsDisplayed" time="0.085"/>
  <system-out/>
  <testcase classname="com.qa.test.LoginTC" name="passwordMasked" time="0.038"/>
  <system-out/>
  <testcase classname="com.qa.test.LoginTC" name="loginTestWithWrongPassword" time="1.192"/>
  <system-out/>
  <testcase classname="com.qa.test.LoginTC" name="loginTest" time="2.914"/>
  <system-out/>
</testsuite> <!-- com.qa.test.LoginTC -->
