<?xml version="1.0" encoding="UTF-8"?>
<!-- Generated by org.testng.reporters.JUnitReportReporter -->
<testsuite hostname="SHISHRA-WINDOWS" failures="0" tests="6" name="com.qa.test.StoreTC" time="10.140" errors="0" timestamp="2022-06-06T19:22:00 IST" skipped="0">
  <testcase classname="com.qa.test.StoreTC" name="storeClickTest" time="5.671"/>
  <system-out/>
  <testcase classname="com.qa.test.StoreTC" name="storeNameSearchTest" time="0.214"/>
  <system-out/>
  <testcase classname="com.qa.test.StoreTC" name="addStoreClickTest" time="0.399"/>
  <system-out/>
  <testcase classname="com.qa.test.StoreTC" name="addStoreFieldsTest" time="2.984"/>
  <system-out/>
  <testcase classname="com.qa.test.StoreTC" name="addStoreSubmitTest" time="0.737"/>
  <system-out/>
  <testcase classname="com.qa.test.StoreTC" name="performStoreListFilter" time="0.135"/>
  <system-out/>
</testsuite> <!-- com.qa.test.StoreTC -->
